2020-08-05 09:28:00.079  INFO 62777 --- [           main] o.e.j.u.log          : Logging initialized @29260ms to org.eclipse.jetty.util.log.Slf4jLog
2020-08-05 09:28:07.697  INFO 62777 --- [           main] o.m.d.cluster        : Cluster created with settings {hosts=[127.0.0.1:27017], mode=SINGLE, requiredClusterType=UNKNOWN, serverSelectionTimeout='30000 ms', maxWaitQueueSize=500}
2020-08-05 09:28:07.757  INFO 62777 --- [127.0.0.1:27017] o.m.d.connection     : Opened connection [connectionId{localValue:1, serverValue:81}] to 127.0.0.1:27017
2020-08-05 09:28:07.759  INFO 62777 --- [127.0.0.1:27017] o.m.d.cluster        : Monitor thread successfully connected to server with description ServerDescription{address=127.0.0.1:27017, type=STANDALONE, state=CONNECTED, ok=true, version=ServerVersion{versionList=[4, 2, 8]}, minWireVersion=0, maxWireVersion=8, maxDocumentSize=16777216, roundTripTimeNanos=507179}
2020-08-05 09:28:08.036  INFO 62777 --- [           main] o.e.j.s.Server       : jetty-9.4.12.v20180830; built: 2018-08-30T13:59:14.071Z; git: 27208684755d94a92186989f695db2d7b21ebc51; jvm 1.8.0_212-b10
2020-08-05 09:28:08.094  INFO 62777 --- [           main] .s.AbstractConnector : Started ServerConnector@60330fc6{HTTP/1.1,[http/1.1]}{0.0.0.0:80}
2020-08-05 09:28:08.094  INFO 62777 --- [           main] o.e.j.s.Server       : Started @37278ms
2020-08-05 09:29:22.534  INFO 62777 --- [tp2098269741-23] o.m.d.connection     : Opened connection [connectionId{localValue:2, serverValue:82}] to 127.0.0.1:27017
2020-08-05 09:29:35.122  INFO 62777 --- [tp2098269741-23] m.s.user-service     : 7  register successfully
2020-08-05 09:29:56.849  INFO 62777 --- [tp2098269741-20] m.s.user-service     : 7  register successfully
2020-08-05 09:30:07.646  INFO 62777 --- [tp2098269741-25] m.s.user-service     : 7  register successfully
2020-08-05 09:30:08.462  INFO 62777 --- [tp2098269741-24] m.s.user-service     : 7  register successfully
2020-08-05 09:32:22.394  INFO 62821 --- [           main] o.e.j.u.log          : Logging initialized @29976ms to org.eclipse.jetty.util.log.Slf4jLog
2020-08-05 09:32:29.447  INFO 62821 --- [           main] o.m.d.cluster        : Cluster created with settings {hosts=[127.0.0.1:27017], mode=SINGLE, requiredClusterType=UNKNOWN, serverSelectionTimeout='30000 ms', maxWaitQueueSize=500}
2020-08-05 09:32:29.517  INFO 62821 --- [127.0.0.1:27017] o.m.d.connection     : Opened connection [connectionId{localValue:1, serverValue:83}] to 127.0.0.1:27017
2020-08-05 09:32:29.520  INFO 62821 --- [127.0.0.1:27017] o.m.d.cluster        : Monitor thread successfully connected to server with description ServerDescription{address=127.0.0.1:27017, type=STANDALONE, state=CONNECTED, ok=true, version=ServerVersion{versionList=[4, 2, 8]}, minWireVersion=0, maxWireVersion=8, maxDocumentSize=16777216, roundTripTimeNanos=575214}
2020-08-05 09:32:29.631  INFO 62821 --- [           main] o.e.j.s.Server       : jetty-9.4.12.v20180830; built: 2018-08-30T13:59:14.071Z; git: 27208684755d94a92186989f695db2d7b21ebc51; jvm 1.8.0_212-b10
2020-08-05 09:32:29.682  INFO 62821 --- [           main] .s.AbstractConnector : Started ServerConnector@65f37227{HTTP/1.1,[http/1.1]}{0.0.0.0:80}
2020-08-05 09:32:29.682  INFO 62821 --- [           main] o.e.j.s.Server       : Started @37267ms
2020-08-05 09:32:47.125  INFO 62821 --- [tp1878722468-21] o.m.d.connection     : Opened connection [connectionId{localValue:2, serverValue:84}] to 127.0.0.1:27017
2020-08-05 09:32:56.381 ERROR 62821 --- [tp1878722468-21] m.s.user-service     : this user is already registered
2020-08-05 09:36:29.333  INFO 62858 --- [           main] o.e.j.u.log          : Logging initialized @30104ms to org.eclipse.jetty.util.log.Slf4jLog
2020-08-05 09:36:36.268  INFO 62858 --- [           main] o.m.d.cluster        : Cluster created with settings {hosts=[127.0.0.1:27017], mode=SINGLE, requiredClusterType=UNKNOWN, serverSelectionTimeout='30000 ms', maxWaitQueueSize=500}
2020-08-05 09:36:36.343  INFO 62858 --- [127.0.0.1:27017] o.m.d.connection     : Opened connection [connectionId{localValue:1, serverValue:85}] to 127.0.0.1:27017
2020-08-05 09:36:36.345  INFO 62858 --- [127.0.0.1:27017] o.m.d.cluster        : Monitor thread successfully connected to server with description ServerDescription{address=127.0.0.1:27017, type=STANDALONE, state=CONNECTED, ok=true, version=ServerVersion{versionList=[4, 2, 8]}, minWireVersion=0, maxWireVersion=8, maxDocumentSize=16777216, roundTripTimeNanos=586325}
2020-08-05 09:37:51.334  INFO 62880 --- [           main] o.e.j.u.log          : Logging initialized @29256ms to org.eclipse.jetty.util.log.Slf4jLog
2020-08-05 09:37:58.194  INFO 62880 --- [           main] o.m.d.cluster        : Cluster created with settings {hosts=[127.0.0.1:27017], mode=SINGLE, requiredClusterType=UNKNOWN, serverSelectionTimeout='30000 ms', maxWaitQueueSize=500}
2020-08-05 09:37:58.268  INFO 62880 --- [127.0.0.1:27017] o.m.d.connection     : Opened connection [connectionId{localValue:1, serverValue:86}] to 127.0.0.1:27017
2020-08-05 09:37:58.271  INFO 62880 --- [127.0.0.1:27017] o.m.d.cluster        : Monitor thread successfully connected to server with description ServerDescription{address=127.0.0.1:27017, type=STANDALONE, state=CONNECTED, ok=true, version=ServerVersion{versionList=[4, 2, 8]}, minWireVersion=0, maxWireVersion=8, maxDocumentSize=16777216, roundTripTimeNanos=615977}
2020-08-05 09:37:58.376  INFO 62880 --- [           main] o.e.j.s.Server       : jetty-9.4.12.v20180830; built: 2018-08-30T13:59:14.071Z; git: 27208684755d94a92186989f695db2d7b21ebc51; jvm 1.8.0_212-b10
2020-08-05 09:37:58.424  INFO 62880 --- [           main] .s.AbstractConnector : Started ServerConnector@404479f1{HTTP/1.1,[http/1.1]}{0.0.0.0:80}
2020-08-05 09:37:58.424  INFO 62880 --- [           main] o.e.j.s.Server       : Started @36349ms
2020-08-05 09:43:57.585  INFO 62880 --- [tp1094922724-23] o.m.d.connection     : Opened connection [connectionId{localValue:2, serverValue:87}] to 127.0.0.1:27017
2020-08-05 09:45:45.999  INFO 62913 --- [           main] o.e.j.u.log          : Logging initialized @29324ms to org.eclipse.jetty.util.log.Slf4jLog
2020-08-05 09:45:52.883  INFO 62913 --- [           main] o.m.d.cluster        : Cluster created with settings {hosts=[127.0.0.1:27017], mode=SINGLE, requiredClusterType=UNKNOWN, serverSelectionTimeout='30000 ms', maxWaitQueueSize=500}
2020-08-05 09:45:52.948  INFO 62913 --- [127.0.0.1:27017] o.m.d.connection     : Opened connection [connectionId{localValue:1, serverValue:88}] to 127.0.0.1:27017
2020-08-05 09:45:52.950  INFO 62913 --- [127.0.0.1:27017] o.m.d.cluster        : Monitor thread successfully connected to server with description ServerDescription{address=127.0.0.1:27017, type=STANDALONE, state=CONNECTED, ok=true, version=ServerVersion{versionList=[4, 2, 8]}, minWireVersion=0, maxWireVersion=8, maxDocumentSize=16777216, roundTripTimeNanos=480565}
2020-08-05 09:46:49.093  INFO 62923 --- [           main] o.e.j.u.log          : Logging initialized @29366ms to org.eclipse.jetty.util.log.Slf4jLog
2020-08-05 09:46:56.013  INFO 62923 --- [           main] o.m.d.cluster        : Cluster created with settings {hosts=[127.0.0.1:27017], mode=SINGLE, requiredClusterType=UNKNOWN, serverSelectionTimeout='30000 ms', maxWaitQueueSize=500}
2020-08-05 09:46:56.089  INFO 62923 --- [127.0.0.1:27017] o.m.d.connection     : Opened connection [connectionId{localValue:1, serverValue:89}] to 127.0.0.1:27017
2020-08-05 09:46:56.091  INFO 62923 --- [127.0.0.1:27017] o.m.d.cluster        : Monitor thread successfully connected to server with description ServerDescription{address=127.0.0.1:27017, type=STANDALONE, state=CONNECTED, ok=true, version=ServerVersion{versionList=[4, 2, 8]}, minWireVersion=0, maxWireVersion=8, maxDocumentSize=16777216, roundTripTimeNanos=606375}
2020-08-05 09:46:56.204  INFO 62923 --- [           main] o.e.j.s.Server       : jetty-9.4.12.v20180830; built: 2018-08-30T13:59:14.071Z; git: 27208684755d94a92186989f695db2d7b21ebc51; jvm 1.8.0_212-b10
2020-08-05 09:46:56.259  INFO 62923 --- [           main] .s.AbstractConnector : Started ServerConnector@4f347dbe{HTTP/1.1,[http/1.1]}{0.0.0.0:80}
2020-08-05 09:46:56.259  INFO 62923 --- [           main] o.e.j.s.Server       : Started @36534ms
2020-08-05 09:47:10.195  INFO 62923 --- [tp2035176523-22] o.m.d.connection     : Opened connection [connectionId{localValue:2, serverValue:90}] to 127.0.0.1:27017
2020-08-05 09:47:18.129  INFO 62923 --- [tp2035176523-22] m.s.user-service     : orderid:  2  consume successfully, remains  10
2020-08-05 09:47:39.685  INFO 62923 --- [tp2035176523-19] m.s.user-service     : orderid:  2  consume successfully, remains  9
2020-08-05 09:47:46.230  INFO 62923 --- [tp2035176523-24] m.s.user-service     : orderid:  2  consume successfully, remains  8
2020-08-05 09:47:48.307  INFO 62923 --- [tp2035176523-23] m.s.user-service     : orderid:  2  consume successfully, remains  7
2020-08-05 09:47:49.718  INFO 62923 --- [tp2035176523-24] m.s.user-service     : orderid:  2  consume successfully, remains  6
2020-08-05 09:47:50.982  INFO 62923 --- [tp2035176523-23] m.s.user-service     : orderid:  2  consume successfully, remains  5
2020-08-05 09:47:52.080  INFO 62923 --- [tp2035176523-24] m.s.user-service     : orderid:  2  consume successfully, remains  4
2020-08-05 09:47:53.506  INFO 62923 --- [tp2035176523-23] m.s.user-service     : orderid:  2  consume successfully, remains  3
2020-08-05 09:48:03.058  INFO 62923 --- [tp2035176523-24] m.s.user-service     : orderid:  2  consume successfully, remains  2
2020-08-05 09:48:04.723  INFO 62923 --- [tp2035176523-23] m.s.user-service     : orderid:  2  consume successfully, remains  1
2020-08-05 09:48:15.823 ERROR 62923 --- [tp2035176523-24] m.s.user-service     : no more order
2020-08-05 10:35:11.267  WARN 62923 --- [tp2035176523-24] o.e.j.s.HttpChannel  : /DB/55/FC534E6925994DFC374FC40D6E93980B1ECF
java.lang.NullPointerException: Response map is nil
	at ring.util.servlet$update_servlet_response.invokeStatic(servlet.clj:100)
	at ring.util.servlet$update_servlet_response.invoke(servlet.clj:91)
	at ring.util.servlet$update_servlet_response.invokeStatic(servlet.clj:95)
	at ring.util.servlet$update_servlet_response.invoke(servlet.clj:91)
	at ring.adapter.jetty$proxy_handler$fn__13947.invoke(jetty.clj:27)
	at ring.adapter.jetty.proxy$org.eclipse.jetty.server.handler.AbstractHandler$ff19274a.handle(Unknown Source)
	at org.eclipse.jetty.server.handler.HandlerWrapper.handle(HandlerWrapper.java:132)
	at org.eclipse.jetty.server.Server.handle(Server.java:503)
	at org.eclipse.jetty.server.HttpChannel.handle(HttpChannel.java:364)
	at org.eclipse.jetty.server.HttpConnection.onFillable(HttpConnection.java:260)
	at org.eclipse.jetty.io.AbstractConnection$ReadCallback.succeeded(AbstractConnection.java:305)
	at org.eclipse.jetty.io.FillInterest.fillable(FillInterest.java:103)
	at org.eclipse.jetty.io.ChannelEndPoint$2.run(ChannelEndPoint.java:118)
	at org.eclipse.jetty.util.thread.QueuedThreadPool.runJob(QueuedThreadPool.java:765)
	at org.eclipse.jetty.util.thread.QueuedThreadPool$2.run(QueuedThreadPool.java:683)
	at java.lang.Thread.run(Thread.java:748)
2020-08-05 10:35:11.280  WARN 62923 --- [tp2035176523-18] o.e.j.s.HttpChannel  : /DB%2F55%2FFC534E6925994DFC374FC40D6E93980B1ECF
java.lang.NullPointerException: Response map is nil
	at ring.util.servlet$update_servlet_response.invokeStatic(servlet.clj:100)
	at ring.util.servlet$update_servlet_response.invoke(servlet.clj:91)
	at ring.util.servlet$update_servlet_response.invokeStatic(servlet.clj:95)
	at ring.util.servlet$update_servlet_response.invoke(servlet.clj:91)
	at ring.adapter.jetty$proxy_handler$fn__13947.invoke(jetty.clj:27)
	at ring.adapter.jetty.proxy$org.eclipse.jetty.server.handler.AbstractHandler$ff19274a.handle(Unknown Source)
	at org.eclipse.jetty.server.handler.HandlerWrapper.handle(HandlerWrapper.java:132)
	at org.eclipse.jetty.server.Server.handle(Server.java:503)
	at org.eclipse.jetty.server.HttpChannel.handle(HttpChannel.java:364)
	at org.eclipse.jetty.server.HttpConnection.onFillable(HttpConnection.java:260)
	at org.eclipse.jetty.io.AbstractConnection$ReadCallback.succeeded(AbstractConnection.java:305)
	at org.eclipse.jetty.io.FillInterest.fillable(FillInterest.java:103)
	at org.eclipse.jetty.io.ChannelEndPoint$2.run(ChannelEndPoint.java:118)
	at org.eclipse.jetty.util.thread.strategy.EatWhatYouKill.runTask(EatWhatYouKill.java:333)
	at org.eclipse.jetty.util.thread.strategy.EatWhatYouKill.doProduce(EatWhatYouKill.java:310)
	at org.eclipse.jetty.util.thread.strategy.EatWhatYouKill.tryProduce(EatWhatYouKill.java:168)
	at org.eclipse.jetty.util.thread.strategy.EatWhatYouKill.produce(EatWhatYouKill.java:132)
	at org.eclipse.jetty.util.thread.QueuedThreadPool.runJob(QueuedThreadPool.java:765)
	at org.eclipse.jetty.util.thread.QueuedThreadPool$2.run(QueuedThreadPool.java:683)
	at java.lang.Thread.run(Thread.java:748)
2020-08-05 10:35:23.142  WARN 62923 --- [tp2035176523-23] o.e.j.s.HttpChannel  : /DB/55/FC534E6925994DFC374FC40D6E93980B1ECF
java.lang.NullPointerException: Response map is nil
	at ring.util.servlet$update_servlet_response.invokeStatic(servlet.clj:100)
	at ring.util.servlet$update_servlet_response.invoke(servlet.clj:91)
	at ring.util.servlet$update_servlet_response.invokeStatic(servlet.clj:95)
	at ring.util.servlet$update_servlet_response.invoke(servlet.clj:91)
	at ring.adapter.jetty$proxy_handler$fn__13947.invoke(jetty.clj:27)
	at ring.adapter.jetty.proxy$org.eclipse.jetty.server.handler.AbstractHandler$ff19274a.handle(Unknown Source)
	at org.eclipse.jetty.server.handler.HandlerWrapper.handle(HandlerWrapper.java:132)
	at org.eclipse.jetty.server.Server.handle(Server.java:503)
	at org.eclipse.jetty.server.HttpChannel.handle(HttpChannel.java:364)
	at org.eclipse.jetty.server.HttpConnection.onFillable(HttpConnection.java:260)
	at org.eclipse.jetty.io.AbstractConnection$ReadCallback.succeeded(AbstractConnection.java:305)
	at org.eclipse.jetty.io.FillInterest.fillable(FillInterest.java:103)
	at org.eclipse.jetty.io.ChannelEndPoint$2.run(ChannelEndPoint.java:118)
	at org.eclipse.jetty.util.thread.strategy.EatWhatYouKill.runTask(EatWhatYouKill.java:333)
	at org.eclipse.jetty.util.thread.strategy.EatWhatYouKill.doProduce(EatWhatYouKill.java:310)
	at org.eclipse.jetty.util.thread.strategy.EatWhatYouKill.tryProduce(EatWhatYouKill.java:168)
	at org.eclipse.jetty.util.thread.strategy.EatWhatYouKill.run(EatWhatYouKill.java:126)
	at org.eclipse.jetty.util.thread.ReservedThreadExecutor$ReservedThread.run(ReservedThreadExecutor.java:366)
	at org.eclipse.jetty.util.thread.QueuedThreadPool.runJob(QueuedThreadPool.java:765)
	at org.eclipse.jetty.util.thread.QueuedThreadPool$2.run(QueuedThreadPool.java:683)
	at java.lang.Thread.run(Thread.java:748)
2020-08-05 10:35:23.150  WARN 62923 --- [tp2035176523-17] o.e.j.s.HttpChannel  : /DB%2F55%2FFC534E6925994DFC374FC40D6E93980B1ECF
java.lang.NullPointerException: Response map is nil
	at ring.util.servlet$update_servlet_response.invokeStatic(servlet.clj:100)
	at ring.util.servlet$update_servlet_response.invoke(servlet.clj:91)
	at ring.util.servlet$update_servlet_response.invokeStatic(servlet.clj:95)
	at ring.util.servlet$update_servlet_response.invoke(servlet.clj:91)
	at ring.adapter.jetty$proxy_handler$fn__13947.invoke(jetty.clj:27)
	at ring.adapter.jetty.proxy$org.eclipse.jetty.server.handler.AbstractHandler$ff19274a.handle(Unknown Source)
	at org.eclipse.jetty.server.handler.HandlerWrapper.handle(HandlerWrapper.java:132)
	at org.eclipse.jetty.server.Server.handle(Server.java:503)
	at org.eclipse.jetty.server.HttpChannel.handle(HttpChannel.java:364)
	at org.eclipse.jetty.server.HttpConnection.onFillable(HttpConnection.java:260)
	at org.eclipse.jetty.io.AbstractConnection$ReadCallback.succeeded(AbstractConnection.java:305)
	at org.eclipse.jetty.io.FillInterest.fillable(FillInterest.java:103)
	at org.eclipse.jetty.io.ChannelEndPoint$2.run(ChannelEndPoint.java:118)
	at org.eclipse.jetty.util.thread.strategy.EatWhatYouKill.runTask(EatWhatYouKill.java:333)
	at org.eclipse.jetty.util.thread.strategy.EatWhatYouKill.doProduce(EatWhatYouKill.java:310)
	at org.eclipse.jetty.util.thread.strategy.EatWhatYouKill.tryProduce(EatWhatYouKill.java:168)
	at org.eclipse.jetty.util.thread.strategy.EatWhatYouKill.produce(EatWhatYouKill.java:132)
	at org.eclipse.jetty.util.thread.QueuedThreadPool.runJob(QueuedThreadPool.java:765)
	at org.eclipse.jetty.util.thread.QueuedThreadPool$2.run(QueuedThreadPool.java:683)
	at java.lang.Thread.run(Thread.java:748)
2020-08-05 10:35:35.249  WARN 62923 --- [tp2035176523-19] o.e.j.s.HttpChannel  : /DB/55/FC534E6925994DFC374FC40D6E93980B1ECF
java.lang.NullPointerException: Response map is nil
	at ring.util.servlet$update_servlet_response.invokeStatic(servlet.clj:100)
	at ring.util.servlet$update_servlet_response.invoke(servlet.clj:91)
	at ring.util.servlet$update_servlet_response.invokeStatic(servlet.clj:95)
	at ring.util.servlet$update_servlet_response.invoke(servlet.clj:91)
	at ring.adapter.jetty$proxy_handler$fn__13947.invoke(jetty.clj:27)
	at ring.adapter.jetty.proxy$org.eclipse.jetty.server.handler.AbstractHandler$ff19274a.handle(Unknown Source)
	at org.eclipse.jetty.server.handler.HandlerWrapper.handle(HandlerWrapper.java:132)
	at org.eclipse.jetty.server.Server.handle(Server.java:503)
	at org.eclipse.jetty.server.HttpChannel.handle(HttpChannel.java:364)
	at org.eclipse.jetty.server.HttpConnection.onFillable(HttpConnection.java:260)
	at org.eclipse.jetty.io.AbstractConnection$ReadCallback.succeeded(AbstractConnection.java:305)
	at org.eclipse.jetty.io.FillInterest.fillable(FillInterest.java:103)
	at org.eclipse.jetty.io.ChannelEndPoint$2.run(ChannelEndPoint.java:118)
	at org.eclipse.jetty.util.thread.strategy.EatWhatYouKill.runTask(EatWhatYouKill.java:333)
	at org.eclipse.jetty.util.thread.strategy.EatWhatYouKill.doProduce(EatWhatYouKill.java:310)
	at org.eclipse.jetty.util.thread.strategy.EatWhatYouKill.tryProduce(EatWhatYouKill.java:168)
	at org.eclipse.jetty.util.thread.strategy.EatWhatYouKill.run(EatWhatYouKill.java:126)
	at org.eclipse.jetty.util.thread.ReservedThreadExecutor$ReservedThread.run(ReservedThreadExecutor.java:366)
	at org.eclipse.jetty.util.thread.QueuedThreadPool.runJob(QueuedThreadPool.java:765)
	at org.eclipse.jetty.util.thread.QueuedThreadPool$2.run(QueuedThreadPool.java:683)
	at java.lang.Thread.run(Thread.java:748)
2020-08-05 10:35:35.257  WARN 62923 --- [tp2035176523-23] o.e.j.s.HttpChannel  : /DB%2F55%2FFC534E6925994DFC374FC40D6E93980B1ECF
java.lang.NullPointerException: Response map is nil
	at ring.util.servlet$update_servlet_response.invokeStatic(servlet.clj:100)
	at ring.util.servlet$update_servlet_response.invoke(servlet.clj:91)
	at ring.util.servlet$update_servlet_response.invokeStatic(servlet.clj:95)
	at ring.util.servlet$update_servlet_response.invoke(servlet.clj:91)
	at ring.adapter.jetty$proxy_handler$fn__13947.invoke(jetty.clj:27)
	at ring.adapter.jetty.proxy$org.eclipse.jetty.server.handler.AbstractHandler$ff19274a.handle(Unknown Source)
	at org.eclipse.jetty.server.handler.HandlerWrapper.handle(HandlerWrapper.java:132)
	at org.eclipse.jetty.server.Server.handle(Server.java:503)
	at org.eclipse.jetty.server.HttpChannel.handle(HttpChannel.java:364)
	at org.eclipse.jetty.server.HttpConnection.onFillable(HttpConnection.java:260)
	at org.eclipse.jetty.io.AbstractConnection$ReadCallback.succeeded(AbstractConnection.java:305)
	at org.eclipse.jetty.io.FillInterest.fillable(FillInterest.java:103)
	at org.eclipse.jetty.io.ChannelEndPoint$2.run(ChannelEndPoint.java:118)
	at org.eclipse.jetty.util.thread.strategy.EatWhatYouKill.runTask(EatWhatYouKill.java:333)
	at org.eclipse.jetty.util.thread.strategy.EatWhatYouKill.doProduce(EatWhatYouKill.java:310)
	at org.eclipse.jetty.util.thread.strategy.EatWhatYouKill.tryProduce(EatWhatYouKill.java:168)
	at org.eclipse.jetty.util.thread.strategy.EatWhatYouKill.run(EatWhatYouKill.java:126)
	at org.eclipse.jetty.util.thread.ReservedThreadExecutor$ReservedThread.run(ReservedThreadExecutor.java:366)
	at org.eclipse.jetty.util.thread.QueuedThreadPool.runJob(QueuedThreadPool.java:765)
	at org.eclipse.jetty.util.thread.QueuedThreadPool$2.run(QueuedThreadPool.java:683)
	at java.lang.Thread.run(Thread.java:748)
2020-08-05 10:35:47.401  WARN 62923 --- [tp2035176523-22] o.e.j.s.HttpChannel  : /DB/55/FC534E6925994DFC374FC40D6E93980B1ECF
java.lang.NullPointerException: Response map is nil
	at ring.util.servlet$update_servlet_response.invokeStatic(servlet.clj:100)
	at ring.util.servlet$update_servlet_response.invoke(servlet.clj:91)
	at ring.util.servlet$update_servlet_response.invokeStatic(servlet.clj:95)
	at ring.util.servlet$update_servlet_response.invoke(servlet.clj:91)
	at ring.adapter.jetty$proxy_handler$fn__13947.invoke(jetty.clj:27)
	at ring.adapter.jetty.proxy$org.eclipse.jetty.server.handler.AbstractHandler$ff19274a.handle(Unknown Source)
	at org.eclipse.jetty.server.handler.HandlerWrapper.handle(HandlerWrapper.java:132)
	at org.eclipse.jetty.server.Server.handle(Server.java:503)
	at org.eclipse.jetty.server.HttpChannel.handle(HttpChannel.java:364)
	at org.eclipse.jetty.server.HttpConnection.onFillable(HttpConnection.java:260)
	at org.eclipse.jetty.io.AbstractConnection$ReadCallback.succeeded(AbstractConnection.java:305)
	at org.eclipse.jetty.io.FillInterest.fillable(FillInterest.java:103)
	at org.eclipse.jetty.io.ChannelEndPoint$2.run(ChannelEndPoint.java:118)
	at org.eclipse.jetty.util.thread.strategy.EatWhatYouKill.runTask(EatWhatYouKill.java:333)
	at org.eclipse.jetty.util.thread.strategy.EatWhatYouKill.doProduce(EatWhatYouKill.java:310)
	at org.eclipse.jetty.util.thread.strategy.EatWhatYouKill.tryProduce(EatWhatYouKill.java:168)
	at org.eclipse.jetty.util.thread.strategy.EatWhatYouKill.run(EatWhatYouKill.java:126)
	at org.eclipse.jetty.util.thread.ReservedThreadExecutor$ReservedThread.run(ReservedThreadExecutor.java:366)
	at org.eclipse.jetty.util.thread.QueuedThreadPool.runJob(QueuedThreadPool.java:765)
	at org.eclipse.jetty.util.thread.QueuedThreadPool$2.run(QueuedThreadPool.java:683)
	at java.lang.Thread.run(Thread.java:748)
2020-08-05 10:35:47.407  WARN 62923 --- [tp2035176523-29] o.e.j.s.HttpChannel  : /DB%2F55%2FFC534E6925994DFC374FC40D6E93980B1ECF
java.lang.NullPointerException: Response map is nil
	at ring.util.servlet$update_servlet_response.invokeStatic(servlet.clj:100)
	at ring.util.servlet$update_servlet_response.invoke(servlet.clj:91)
	at ring.util.servlet$update_servlet_response.invokeStatic(servlet.clj:95)
	at ring.util.servlet$update_servlet_response.invoke(servlet.clj:91)
	at ring.adapter.jetty$proxy_handler$fn__13947.invoke(jetty.clj:27)
	at ring.adapter.jetty.proxy$org.eclipse.jetty.server.handler.AbstractHandler$ff19274a.handle(Unknown Source)
	at org.eclipse.jetty.server.handler.HandlerWrapper.handle(HandlerWrapper.java:132)
	at org.eclipse.jetty.server.Server.handle(Server.java:503)
	at org.eclipse.jetty.server.HttpChannel.handle(HttpChannel.java:364)
	at org.eclipse.jetty.server.HttpConnection.onFillable(HttpConnection.java:260)
	at org.eclipse.jetty.io.AbstractConnection$ReadCallback.succeeded(AbstractConnection.java:305)
	at org.eclipse.jetty.io.FillInterest.fillable(FillInterest.java:103)
	at org.eclipse.jetty.io.ChannelEndPoint$2.run(ChannelEndPoint.java:118)
	at org.eclipse.jetty.util.thread.strategy.EatWhatYouKill.runTask(EatWhatYouKill.java:333)
	at org.eclipse.jetty.util.thread.strategy.EatWhatYouKill.doProduce(EatWhatYouKill.java:310)
	at org.eclipse.jetty.util.thread.strategy.EatWhatYouKill.tryProduce(EatWhatYouKill.java:168)
	at org.eclipse.jetty.util.thread.strategy.EatWhatYouKill.run(EatWhatYouKill.java:126)
	at org.eclipse.jetty.util.thread.ReservedThreadExecutor$ReservedThread.run(ReservedThreadExecutor.java:366)
	at org.eclipse.jetty.util.thread.QueuedThreadPool.runJob(QueuedThreadPool.java:765)
	at org.eclipse.jetty.util.thread.QueuedThreadPool$2.run(QueuedThreadPool.java:683)
	at java.lang.Thread.run(Thread.java:748)
2020-08-05 10:35:59.534  WARN 62923 --- [tp2035176523-23] o.e.j.s.HttpChannel  : /DB/55/FC534E6925994DFC374FC40D6E93980B1ECF
java.lang.NullPointerException: Response map is nil
	at ring.util.servlet$update_servlet_response.invokeStatic(servlet.clj:100)
	at ring.util.servlet$update_servlet_response.invoke(servlet.clj:91)
	at ring.util.servlet$update_servlet_response.invokeStatic(servlet.clj:95)
	at ring.util.servlet$update_servlet_response.invoke(servlet.clj:91)
	at ring.adapter.jetty$proxy_handler$fn__13947.invoke(jetty.clj:27)
	at ring.adapter.jetty.proxy$org.eclipse.jetty.server.handler.AbstractHandler$ff19274a.handle(Unknown Source)
	at org.eclipse.jetty.server.handler.HandlerWrapper.handle(HandlerWrapper.java:132)
	at org.eclipse.jetty.server.Server.handle(Server.java:503)
	at org.eclipse.jetty.server.HttpChannel.handle(HttpChannel.java:364)
	at org.eclipse.jetty.server.HttpConnection.onFillable(HttpConnection.java:260)
	at org.eclipse.jetty.io.AbstractConnection$ReadCallback.succeeded(AbstractConnection.java:305)
	at org.eclipse.jetty.io.FillInterest.fillable(FillInterest.java:103)
	at org.eclipse.jetty.io.ChannelEndPoint$2.run(ChannelEndPoint.java:118)
	at org.eclipse.jetty.util.thread.strategy.EatWhatYouKill.runTask(EatWhatYouKill.java:333)
	at org.eclipse.jetty.util.thread.strategy.EatWhatYouKill.doProduce(EatWhatYouKill.java:310)
	at org.eclipse.jetty.util.thread.strategy.EatWhatYouKill.tryProduce(EatWhatYouKill.java:168)
	at org.eclipse.jetty.util.thread.strategy.EatWhatYouKill.run(EatWhatYouKill.java:126)
	at org.eclipse.jetty.util.thread.ReservedThreadExecutor$ReservedThread.run(ReservedThreadExecutor.java:366)
	at org.eclipse.jetty.util.thread.QueuedThreadPool.runJob(QueuedThreadPool.java:765)
	at org.eclipse.jetty.util.thread.QueuedThreadPool$2.run(QueuedThreadPool.java:683)
	at java.lang.Thread.run(Thread.java:748)
2020-08-05 10:35:59.539  WARN 62923 --- [tp2035176523-22] o.e.j.s.HttpChannel  : /DB%2F55%2FFC534E6925994DFC374FC40D6E93980B1ECF
java.lang.NullPointerException: Response map is nil
	at ring.util.servlet$update_servlet_response.invokeStatic(servlet.clj:100)
	at ring.util.servlet$update_servlet_response.invoke(servlet.clj:91)
	at ring.util.servlet$update_servlet_response.invokeStatic(servlet.clj:95)
	at ring.util.servlet$update_servlet_response.invoke(servlet.clj:91)
	at ring.adapter.jetty$proxy_handler$fn__13947.invoke(jetty.clj:27)
	at ring.adapter.jetty.proxy$org.eclipse.jetty.server.handler.AbstractHandler$ff19274a.handle(Unknown Source)
	at org.eclipse.jetty.server.handler.HandlerWrapper.handle(HandlerWrapper.java:132)
	at org.eclipse.jetty.server.Server.handle(Server.java:503)
	at org.eclipse.jetty.server.HttpChannel.handle(HttpChannel.java:364)
	at org.eclipse.jetty.server.HttpConnection.onFillable(HttpConnection.java:260)
	at org.eclipse.jetty.io.AbstractConnection$ReadCallback.succeeded(AbstractConnection.java:305)
	at org.eclipse.jetty.io.FillInterest.fillable(FillInterest.java:103)
	at org.eclipse.jetty.io.ChannelEndPoint$2.run(ChannelEndPoint.java:118)
	at org.eclipse.jetty.util.thread.strategy.EatWhatYouKill.runTask(EatWhatYouKill.java:333)
	at org.eclipse.jetty.util.thread.strategy.EatWhatYouKill.doProduce(EatWhatYouKill.java:310)
	at org.eclipse.jetty.util.thread.strategy.EatWhatYouKill.tryProduce(EatWhatYouKill.java:168)
	at org.eclipse.jetty.util.thread.strategy.EatWhatYouKill.run(EatWhatYouKill.java:126)
	at org.eclipse.jetty.util.thread.ReservedThreadExecutor$ReservedThread.run(ReservedThreadExecutor.java:366)
	at org.eclipse.jetty.util.thread.QueuedThreadPool.runJob(QueuedThreadPool.java:765)
	at org.eclipse.jetty.util.thread.QueuedThreadPool$2.run(QueuedThreadPool.java:683)
	at java.lang.Thread.run(Thread.java:748)
2020-08-05 10:36:11.257  WARN 62923 --- [tp2035176523-29] o.e.j.s.HttpChannel  : /DB/55/FC534E6925994DFC374FC40D6E93980B1ECF
java.lang.NullPointerException: Response map is nil
	at ring.util.servlet$update_servlet_response.invokeStatic(servlet.clj:100)
	at ring.util.servlet$update_servlet_response.invoke(servlet.clj:91)
	at ring.util.servlet$update_servlet_response.invokeStatic(servlet.clj:95)
	at ring.util.servlet$update_servlet_response.invoke(servlet.clj:91)
	at ring.adapter.jetty$proxy_handler$fn__13947.invoke(jetty.clj:27)
	at ring.adapter.jetty.proxy$org.eclipse.jetty.server.handler.AbstractHandler$ff19274a.handle(Unknown Source)
	at org.eclipse.jetty.server.handler.HandlerWrapper.handle(HandlerWrapper.java:132)
	at org.eclipse.jetty.server.Server.handle(Server.java:503)
	at org.eclipse.jetty.server.HttpChannel.handle(HttpChannel.java:364)
	at org.eclipse.jetty.server.HttpConnection.onFillable(HttpConnection.java:260)
	at org.eclipse.jetty.io.AbstractConnection$ReadCallback.succeeded(AbstractConnection.java:305)
	at org.eclipse.jetty.io.FillInterest.fillable(FillInterest.java:103)
	at org.eclipse.jetty.io.ChannelEndPoint$2.run(ChannelEndPoint.java:118)
	at org.eclipse.jetty.util.thread.strategy.EatWhatYouKill.runTask(EatWhatYouKill.java:333)
	at org.eclipse.jetty.util.thread.strategy.EatWhatYouKill.doProduce(EatWhatYouKill.java:310)
	at org.eclipse.jetty.util.thread.strategy.EatWhatYouKill.tryProduce(EatWhatYouKill.java:168)
	at org.eclipse.jetty.util.thread.strategy.EatWhatYouKill.run(EatWhatYouKill.java:126)
	at org.eclipse.jetty.util.thread.ReservedThreadExecutor$ReservedThread.run(ReservedThreadExecutor.java:366)
	at org.eclipse.jetty.util.thread.QueuedThreadPool.runJob(QueuedThreadPool.java:765)
	at org.eclipse.jetty.util.thread.QueuedThreadPool$2.run(QueuedThreadPool.java:683)
	at java.lang.Thread.run(Thread.java:748)
2020-08-05 10:36:11.264  WARN 62923 --- [tp2035176523-19] o.e.j.s.HttpChannel  : /DB%2F55%2FFC534E6925994DFC374FC40D6E93980B1ECF
java.lang.NullPointerException: Response map is nil
	at ring.util.servlet$update_servlet_response.invokeStatic(servlet.clj:100)
	at ring.util.servlet$update_servlet_response.invoke(servlet.clj:91)
	at ring.util.servlet$update_servlet_response.invokeStatic(servlet.clj:95)
	at ring.util.servlet$update_servlet_response.invoke(servlet.clj:91)
	at ring.adapter.jetty$proxy_handler$fn__13947.invoke(jetty.clj:27)
	at ring.adapter.jetty.proxy$org.eclipse.jetty.server.handler.AbstractHandler$ff19274a.handle(Unknown Source)
	at org.eclipse.jetty.server.handler.HandlerWrapper.handle(HandlerWrapper.java:132)
	at org.eclipse.jetty.server.Server.handle(Server.java:503)
	at org.eclipse.jetty.server.HttpChannel.handle(HttpChannel.java:364)
	at org.eclipse.jetty.server.HttpConnection.onFillable(HttpConnection.java:260)
	at org.eclipse.jetty.io.AbstractConnection$ReadCallback.succeeded(AbstractConnection.java:305)
	at org.eclipse.jetty.io.FillInterest.fillable(FillInterest.java:103)
	at org.eclipse.jetty.io.ChannelEndPoint$2.run(ChannelEndPoint.java:118)
	at org.eclipse.jetty.util.thread.strategy.EatWhatYouKill.runTask(EatWhatYouKill.java:333)
	at org.eclipse.jetty.util.thread.strategy.EatWhatYouKill.doProduce(EatWhatYouKill.java:310)
	at org.eclipse.jetty.util.thread.strategy.EatWhatYouKill.tryProduce(EatWhatYouKill.java:168)
	at org.eclipse.jetty.util.thread.strategy.EatWhatYouKill.run(EatWhatYouKill.java:126)
	at org.eclipse.jetty.util.thread.ReservedThreadExecutor$ReservedThread.run(ReservedThreadExecutor.java:366)
	at org.eclipse.jetty.util.thread.QueuedThreadPool.runJob(QueuedThreadPool.java:765)
	at org.eclipse.jetty.util.thread.QueuedThreadPool$2.run(QueuedThreadPool.java:683)
	at java.lang.Thread.run(Thread.java:748)
2020-08-05 10:36:23.598  WARN 62923 --- [tp2035176523-22] o.e.j.s.HttpChannel  : /DB/55/FC534E6925994DFC374FC40D6E93980B1ECF
java.lang.NullPointerException: Response map is nil
	at ring.util.servlet$update_servlet_response.invokeStatic(servlet.clj:100)
	at ring.util.servlet$update_servlet_response.invoke(servlet.clj:91)
	at ring.util.servlet$update_servlet_response.invokeStatic(servlet.clj:95)
	at ring.util.servlet$update_servlet_response.invoke(servlet.clj:91)
	at ring.adapter.jetty$proxy_handler$fn__13947.invoke(jetty.clj:27)
	at ring.adapter.jetty.proxy$org.eclipse.jetty.server.handler.AbstractHandler$ff19274a.handle(Unknown Source)
	at org.eclipse.jetty.server.handler.HandlerWrapper.handle(HandlerWrapper.java:132)
	at org.eclipse.jetty.server.Server.handle(Server.java:503)
	at org.eclipse.jetty.server.HttpChannel.handle(HttpChannel.java:364)
	at org.eclipse.jetty.server.HttpConnection.onFillable(HttpConnection.java:260)
	at org.eclipse.jetty.io.AbstractConnection$ReadCallback.succeeded(AbstractConnection.java:305)
	at org.eclipse.jetty.io.FillInterest.fillable(FillInterest.java:103)
	at org.eclipse.jetty.io.ChannelEndPoint$2.run(ChannelEndPoint.java:118)
	at org.eclipse.jetty.util.thread.strategy.EatWhatYouKill.runTask(EatWhatYouKill.java:333)
	at org.eclipse.jetty.util.thread.strategy.EatWhatYouKill.doProduce(EatWhatYouKill.java:310)
	at org.eclipse.jetty.util.thread.strategy.EatWhatYouKill.tryProduce(EatWhatYouKill.java:168)
	at org.eclipse.jetty.util.thread.strategy.EatWhatYouKill.run(EatWhatYouKill.java:126)
	at org.eclipse.jetty.util.thread.ReservedThreadExecutor$ReservedThread.run(ReservedThreadExecutor.java:366)
	at org.eclipse.jetty.util.thread.QueuedThreadPool.runJob(QueuedThreadPool.java:765)
	at org.eclipse.jetty.util.thread.QueuedThreadPool$2.run(QueuedThreadPool.java:683)
	at java.lang.Thread.run(Thread.java:748)
2020-08-05 10:36:23.604  WARN 62923 --- [tp2035176523-23] o.e.j.s.HttpChannel  : /DB%2F55%2FFC534E6925994DFC374FC40D6E93980B1ECF
java.lang.NullPointerException: Response map is nil
	at ring.util.servlet$update_servlet_response.invokeStatic(servlet.clj:100)
	at ring.util.servlet$update_servlet_response.invoke(servlet.clj:91)
	at ring.util.servlet$update_servlet_response.invokeStatic(servlet.clj:95)
	at ring.util.servlet$update_servlet_response.invoke(servlet.clj:91)
	at ring.adapter.jetty$proxy_handler$fn__13947.invoke(jetty.clj:27)
	at ring.adapter.jetty.proxy$org.eclipse.jetty.server.handler.AbstractHandler$ff19274a.handle(Unknown Source)
	at org.eclipse.jetty.server.handler.HandlerWrapper.handle(HandlerWrapper.java:132)
	at org.eclipse.jetty.server.Server.handle(Server.java:503)
	at org.eclipse.jetty.server.HttpChannel.handle(HttpChannel.java:364)
	at org.eclipse.jetty.server.HttpConnection.onFillable(HttpConnection.java:260)
	at org.eclipse.jetty.io.AbstractConnection$ReadCallback.succeeded(AbstractConnection.java:305)
	at org.eclipse.jetty.io.FillInterest.fillable(FillInterest.java:103)
	at org.eclipse.jetty.io.ChannelEndPoint$2.run(ChannelEndPoint.java:118)
	at org.eclipse.jetty.util.thread.strategy.EatWhatYouKill.runTask(EatWhatYouKill.java:333)
	at org.eclipse.jetty.util.thread.strategy.EatWhatYouKill.doProduce(EatWhatYouKill.java:310)
	at org.eclipse.jetty.util.thread.strategy.EatWhatYouKill.tryProduce(EatWhatYouKill.java:168)
	at org.eclipse.jetty.util.thread.strategy.EatWhatYouKill.run(EatWhatYouKill.java:126)
	at org.eclipse.jetty.util.thread.ReservedThreadExecutor$ReservedThread.run(ReservedThreadExecutor.java:366)
	at org.eclipse.jetty.util.thread.QueuedThreadPool.runJob(QueuedThreadPool.java:765)
	at org.eclipse.jetty.util.thread.QueuedThreadPool$2.run(QueuedThreadPool.java:683)
	at java.lang.Thread.run(Thread.java:748)
2020-08-05 10:36:35.623  WARN 62923 --- [tp2035176523-29] o.e.j.s.HttpChannel  : /DB/55/FC534E6925994DFC374FC40D6E93980B1ECF
java.lang.NullPointerException: Response map is nil
	at ring.util.servlet$update_servlet_response.invokeStatic(servlet.clj:100)
	at ring.util.servlet$update_servlet_response.invoke(servlet.clj:91)
	at ring.util.servlet$update_servlet_response.invokeStatic(servlet.clj:95)
	at ring.util.servlet$update_servlet_response.invoke(servlet.clj:91)
	at ring.adapter.jetty$proxy_handler$fn__13947.invoke(jetty.clj:27)
	at ring.adapter.jetty.proxy$org.eclipse.jetty.server.handler.AbstractHandler$ff19274a.handle(Unknown Source)
	at org.eclipse.jetty.server.handler.HandlerWrapper.handle(HandlerWrapper.java:132)
	at org.eclipse.jetty.server.Server.handle(Server.java:503)
	at org.eclipse.jetty.server.HttpChannel.handle(HttpChannel.java:364)
	at org.eclipse.jetty.server.HttpConnection.onFillable(HttpConnection.java:260)
	at org.eclipse.jetty.io.AbstractConnection$ReadCallback.succeeded(AbstractConnection.java:305)
	at org.eclipse.jetty.io.FillInterest.fillable(FillInterest.java:103)
	at org.eclipse.jetty.io.ChannelEndPoint$2.run(ChannelEndPoint.java:118)
	at org.eclipse.jetty.util.thread.strategy.EatWhatYouKill.runTask(EatWhatYouKill.java:333)
	at org.eclipse.jetty.util.thread.strategy.EatWhatYouKill.doProduce(EatWhatYouKill.java:310)
	at org.eclipse.jetty.util.thread.strategy.EatWhatYouKill.tryProduce(EatWhatYouKill.java:168)
	at org.eclipse.jetty.util.thread.strategy.EatWhatYouKill.run(EatWhatYouKill.java:126)
	at org.eclipse.jetty.util.thread.ReservedThreadExecutor$ReservedThread.run(ReservedThreadExecutor.java:366)
	at org.eclipse.jetty.util.thread.QueuedThreadPool.runJob(QueuedThreadPool.java:765)
	at org.eclipse.jetty.util.thread.QueuedThreadPool$2.run(QueuedThreadPool.java:683)
	at java.lang.Thread.run(Thread.java:748)
2020-08-05 10:36:35.630  WARN 62923 --- [tp2035176523-19] o.e.j.s.HttpChannel  : /DB%2F55%2FFC534E6925994DFC374FC40D6E93980B1ECF
java.lang.NullPointerException: Response map is nil
	at ring.util.servlet$update_servlet_response.invokeStatic(servlet.clj:100)
	at ring.util.servlet$update_servlet_response.invoke(servlet.clj:91)
	at ring.util.servlet$update_servlet_response.invokeStatic(servlet.clj:95)
	at ring.util.servlet$update_servlet_response.invoke(servlet.clj:91)
	at ring.adapter.jetty$proxy_handler$fn__13947.invoke(jetty.clj:27)
	at ring.adapter.jetty.proxy$org.eclipse.jetty.server.handler.AbstractHandler$ff19274a.handle(Unknown Source)
	at org.eclipse.jetty.server.handler.HandlerWrapper.handle(HandlerWrapper.java:132)
	at org.eclipse.jetty.server.Server.handle(Server.java:503)
	at org.eclipse.jetty.server.HttpChannel.handle(HttpChannel.java:364)
	at org.eclipse.jetty.server.HttpConnection.onFillable(HttpConnection.java:260)
	at org.eclipse.jetty.io.AbstractConnection$ReadCallback.succeeded(AbstractConnection.java:305)
	at org.eclipse.jetty.io.FillInterest.fillable(FillInterest.java:103)
	at org.eclipse.jetty.io.ChannelEndPoint$2.run(ChannelEndPoint.java:118)
	at org.eclipse.jetty.util.thread.strategy.EatWhatYouKill.runTask(EatWhatYouKill.java:333)
	at org.eclipse.jetty.util.thread.strategy.EatWhatYouKill.doProduce(EatWhatYouKill.java:310)
	at org.eclipse.jetty.util.thread.strategy.EatWhatYouKill.tryProduce(EatWhatYouKill.java:168)
	at org.eclipse.jetty.util.thread.strategy.EatWhatYouKill.run(EatWhatYouKill.java:126)
	at org.eclipse.jetty.util.thread.ReservedThreadExecutor$ReservedThread.run(ReservedThreadExecutor.java:366)
	at org.eclipse.jetty.util.thread.QueuedThreadPool.runJob(QueuedThreadPool.java:765)
	at org.eclipse.jetty.util.thread.QueuedThreadPool$2.run(QueuedThreadPool.java:683)
	at java.lang.Thread.run(Thread.java:748)
2020-08-05 10:36:47.656  WARN 62923 --- [tp2035176523-23] o.e.j.s.HttpChannel  : /DB/55/FC534E6925994DFC374FC40D6E93980B1ECF
java.lang.NullPointerException: Response map is nil
	at ring.util.servlet$update_servlet_response.invokeStatic(servlet.clj:100)
	at ring.util.servlet$update_servlet_response.invoke(servlet.clj:91)
	at ring.util.servlet$update_servlet_response.invokeStatic(servlet.clj:95)
	at ring.util.servlet$update_servlet_response.invoke(servlet.clj:91)
	at ring.adapter.jetty$proxy_handler$fn__13947.invoke(jetty.clj:27)
	at ring.adapter.jetty.proxy$org.eclipse.jetty.server.handler.AbstractHandler$ff19274a.handle(Unknown Source)
	at org.eclipse.jetty.server.handler.HandlerWrapper.handle(HandlerWrapper.java:132)
	at org.eclipse.jetty.server.Server.handle(Server.java:503)
	at org.eclipse.jetty.server.HttpChannel.handle(HttpChannel.java:364)
	at org.eclipse.jetty.server.HttpConnection.onFillable(HttpConnection.java:260)
	at org.eclipse.jetty.io.AbstractConnection$ReadCallback.succeeded(AbstractConnection.java:305)
	at org.eclipse.jetty.io.FillInterest.fillable(FillInterest.java:103)
	at org.eclipse.jetty.io.ChannelEndPoint$2.run(ChannelEndPoint.java:118)
	at org.eclipse.jetty.util.thread.strategy.EatWhatYouKill.runTask(EatWhatYouKill.java:333)
	at org.eclipse.jetty.util.thread.strategy.EatWhatYouKill.doProduce(EatWhatYouKill.java:310)
	at org.eclipse.jetty.util.thread.strategy.EatWhatYouKill.tryProduce(EatWhatYouKill.java:168)
	at org.eclipse.jetty.util.thread.strategy.EatWhatYouKill.run(EatWhatYouKill.java:126)
	at org.eclipse.jetty.util.thread.ReservedThreadExecutor$ReservedThread.run(ReservedThreadExecutor.java:366)
	at org.eclipse.jetty.util.thread.QueuedThreadPool.runJob(QueuedThreadPool.java:765)
	at org.eclipse.jetty.util.thread.QueuedThreadPool$2.run(QueuedThreadPool.java:683)
	at java.lang.Thread.run(Thread.java:748)
2020-08-05 10:36:47.663  WARN 62923 --- [tp2035176523-21] o.e.j.s.HttpChannel  : /DB%2F55%2FFC534E6925994DFC374FC40D6E93980B1ECF
java.lang.NullPointerException: Response map is nil
	at ring.util.servlet$update_servlet_response.invokeStatic(servlet.clj:100)
	at ring.util.servlet$update_servlet_response.invoke(servlet.clj:91)
	at ring.util.servlet$update_servlet_response.invokeStatic(servlet.clj:95)
	at ring.util.servlet$update_servlet_response.invoke(servlet.clj:91)
	at ring.adapter.jetty$proxy_handler$fn__13947.invoke(jetty.clj:27)
	at ring.adapter.jetty.proxy$org.eclipse.jetty.server.handler.AbstractHandler$ff19274a.handle(Unknown Source)
	at org.eclipse.jetty.server.handler.HandlerWrapper.handle(HandlerWrapper.java:132)
	at org.eclipse.jetty.server.Server.handle(Server.java:503)
	at org.eclipse.jetty.server.HttpChannel.handle(HttpChannel.java:364)
	at org.eclipse.jetty.server.HttpConnection.onFillable(HttpConnection.java:260)
	at org.eclipse.jetty.io.AbstractConnection$ReadCallback.succeeded(AbstractConnection.java:305)
	at org.eclipse.jetty.io.FillInterest.fillable(FillInterest.java:103)
	at org.eclipse.jetty.io.ChannelEndPoint$2.run(ChannelEndPoint.java:118)
	at org.eclipse.jetty.util.thread.strategy.EatWhatYouKill.runTask(EatWhatYouKill.java:333)
	at org.eclipse.jetty.util.thread.strategy.EatWhatYouKill.doProduce(EatWhatYouKill.java:310)
	at org.eclipse.jetty.util.thread.strategy.EatWhatYouKill.tryProduce(EatWhatYouKill.java:168)
	at org.eclipse.jetty.util.thread.strategy.EatWhatYouKill.run(EatWhatYouKill.java:126)
	at org.eclipse.jetty.util.thread.ReservedThreadExecutor$ReservedThread.run(ReservedThreadExecutor.java:366)
	at org.eclipse.jetty.util.thread.QueuedThreadPool.runJob(QueuedThreadPool.java:765)
	at org.eclipse.jetty.util.thread.QueuedThreadPool$2.run(QueuedThreadPool.java:683)
	at java.lang.Thread.run(Thread.java:748)
2020-08-05 10:36:59.675  WARN 62923 --- [tp2035176523-19] o.e.j.s.HttpChannel  : /DB/55/FC534E6925994DFC374FC40D6E93980B1ECF
java.lang.NullPointerException: Response map is nil
	at ring.util.servlet$update_servlet_response.invokeStatic(servlet.clj:100)
	at ring.util.servlet$update_servlet_response.invoke(servlet.clj:91)
	at ring.util.servlet$update_servlet_response.invokeStatic(servlet.clj:95)
	at ring.util.servlet$update_servlet_response.invoke(servlet.clj:91)
	at ring.adapter.jetty$proxy_handler$fn__13947.invoke(jetty.clj:27)
	at ring.adapter.jetty.proxy$org.eclipse.jetty.server.handler.AbstractHandler$ff19274a.handle(Unknown Source)
	at org.eclipse.jetty.server.handler.HandlerWrapper.handle(HandlerWrapper.java:132)
	at org.eclipse.jetty.server.Server.handle(Server.java:503)
	at org.eclipse.jetty.server.HttpChannel.handle(HttpChannel.java:364)
	at org.eclipse.jetty.server.HttpConnection.onFillable(HttpConnection.java:260)
	at org.eclipse.jetty.io.AbstractConnection$ReadCallback.succeeded(AbstractConnection.java:305)
	at org.eclipse.jetty.io.FillInterest.fillable(FillInterest.java:103)
	at org.eclipse.jetty.io.ChannelEndPoint$2.run(ChannelEndPoint.java:118)
	at org.eclipse.jetty.util.thread.strategy.EatWhatYouKill.runTask(EatWhatYouKill.java:333)
	at org.eclipse.jetty.util.thread.strategy.EatWhatYouKill.doProduce(EatWhatYouKill.java:310)
	at org.eclipse.jetty.util.thread.strategy.EatWhatYouKill.tryProduce(EatWhatYouKill.java:168)
	at org.eclipse.jetty.util.thread.strategy.EatWhatYouKill.run(EatWhatYouKill.java:126)
	at org.eclipse.jetty.util.thread.ReservedThreadExecutor$ReservedThread.run(ReservedThreadExecutor.java:366)
	at org.eclipse.jetty.util.thread.QueuedThreadPool.runJob(QueuedThreadPool.java:765)
	at org.eclipse.jetty.util.thread.QueuedThreadPool$2.run(QueuedThreadPool.java:683)
	at java.lang.Thread.run(Thread.java:748)
2020-08-05 10:36:59.683  WARN 62923 --- [tp2035176523-23] o.e.j.s.HttpChannel  : /DB%2F55%2FFC534E6925994DFC374FC40D6E93980B1ECF
java.lang.NullPointerException: Response map is nil
	at ring.util.servlet$update_servlet_response.invokeStatic(servlet.clj:100)
	at ring.util.servlet$update_servlet_response.invoke(servlet.clj:91)
	at ring.util.servlet$update_servlet_response.invokeStatic(servlet.clj:95)
	at ring.util.servlet$update_servlet_response.invoke(servlet.clj:91)
	at ring.adapter.jetty$proxy_handler$fn__13947.invoke(jetty.clj:27)
	at ring.adapter.jetty.proxy$org.eclipse.jetty.server.handler.AbstractHandler$ff19274a.handle(Unknown Source)
	at org.eclipse.jetty.server.handler.HandlerWrapper.handle(HandlerWrapper.java:132)
	at org.eclipse.jetty.server.Server.handle(Server.java:503)
	at org.eclipse.jetty.server.HttpChannel.handle(HttpChannel.java:364)
	at org.eclipse.jetty.server.HttpConnection.onFillable(HttpConnection.java:260)
	at org.eclipse.jetty.io.AbstractConnection$ReadCallback.succeeded(AbstractConnection.java:305)
	at org.eclipse.jetty.io.FillInterest.fillable(FillInterest.java:103)
	at org.eclipse.jetty.io.ChannelEndPoint$2.run(ChannelEndPoint.java:118)
	at org.eclipse.jetty.util.thread.strategy.EatWhatYouKill.runTask(EatWhatYouKill.java:333)
	at org.eclipse.jetty.util.thread.strategy.EatWhatYouKill.doProduce(EatWhatYouKill.java:310)
	at org.eclipse.jetty.util.thread.strategy.EatWhatYouKill.tryProduce(EatWhatYouKill.java:168)
	at org.eclipse.jetty.util.thread.strategy.EatWhatYouKill.run(EatWhatYouKill.java:126)
	at org.eclipse.jetty.util.thread.ReservedThreadExecutor$ReservedThread.run(ReservedThreadExecutor.java:366)
	at org.eclipse.jetty.util.thread.QueuedThreadPool.runJob(QueuedThreadPool.java:765)
	at org.eclipse.jetty.util.thread.QueuedThreadPool$2.run(QueuedThreadPool.java:683)
	at java.lang.Thread.run(Thread.java:748)
2020-08-05 10:37:11.699  WARN 62923 --- [tp2035176523-21] o.e.j.s.HttpChannel  : /DB/55/FC534E6925994DFC374FC40D6E93980B1ECF
java.lang.NullPointerException: Response map is nil
	at ring.util.servlet$update_servlet_response.invokeStatic(servlet.clj:100)
	at ring.util.servlet$update_servlet_response.invoke(servlet.clj:91)
	at ring.util.servlet$update_servlet_response.invokeStatic(servlet.clj:95)
	at ring.util.servlet$update_servlet_response.invoke(servlet.clj:91)
	at ring.adapter.jetty$proxy_handler$fn__13947.invoke(jetty.clj:27)
	at ring.adapter.jetty.proxy$org.eclipse.jetty.server.handler.AbstractHandler$ff19274a.handle(Unknown Source)
	at org.eclipse.jetty.server.handler.HandlerWrapper.handle(HandlerWrapper.java:132)
	at org.eclipse.jetty.server.Server.handle(Server.java:503)
	at org.eclipse.jetty.server.HttpChannel.handle(HttpChannel.java:364)
	at org.eclipse.jetty.server.HttpConnection.onFillable(HttpConnection.java:260)
	at org.eclipse.jetty.io.AbstractConnection$ReadCallback.succeeded(AbstractConnection.java:305)
	at org.eclipse.jetty.io.FillInterest.fillable(FillInterest.java:103)
	at org.eclipse.jetty.io.ChannelEndPoint$2.run(ChannelEndPoint.java:118)
	at org.eclipse.jetty.util.thread.strategy.EatWhatYouKill.runTask(EatWhatYouKill.java:333)
	at org.eclipse.jetty.util.thread.strategy.EatWhatYouKill.doProduce(EatWhatYouKill.java:310)
	at org.eclipse.jetty.util.thread.strategy.EatWhatYouKill.tryProduce(EatWhatYouKill.java:168)
	at org.eclipse.jetty.util.thread.strategy.EatWhatYouKill.run(EatWhatYouKill.java:126)
	at org.eclipse.jetty.util.thread.ReservedThreadExecutor$ReservedThread.run(ReservedThreadExecutor.java:366)
	at org.eclipse.jetty.util.thread.QueuedThreadPool.runJob(QueuedThreadPool.java:765)
	at org.eclipse.jetty.util.thread.QueuedThreadPool$2.run(QueuedThreadPool.java:683)
	at java.lang.Thread.run(Thread.java:748)
2020-08-05 10:37:11.706  WARN 62923 --- [tp2035176523-19] o.e.j.s.HttpChannel  : /DB%2F55%2FFC534E6925994DFC374FC40D6E93980B1ECF
java.lang.NullPointerException: Response map is nil
	at ring.util.servlet$update_servlet_response.invokeStatic(servlet.clj:100)
	at ring.util.servlet$update_servlet_response.invoke(servlet.clj:91)
	at ring.util.servlet$update_servlet_response.invokeStatic(servlet.clj:95)
	at ring.util.servlet$update_servlet_response.invoke(servlet.clj:91)
	at ring.adapter.jetty$proxy_handler$fn__13947.invoke(jetty.clj:27)
	at ring.adapter.jetty.proxy$org.eclipse.jetty.server.handler.AbstractHandler$ff19274a.handle(Unknown Source)
	at org.eclipse.jetty.server.handler.HandlerWrapper.handle(HandlerWrapper.java:132)
	at org.eclipse.jetty.server.Server.handle(Server.java:503)
	at org.eclipse.jetty.server.HttpChannel.handle(HttpChannel.java:364)
	at org.eclipse.jetty.server.HttpConnection.onFillable(HttpConnection.java:260)
	at org.eclipse.jetty.io.AbstractConnection$ReadCallback.succeeded(AbstractConnection.java:305)
	at org.eclipse.jetty.io.FillInterest.fillable(FillInterest.java:103)
	at org.eclipse.jetty.io.ChannelEndPoint$2.run(ChannelEndPoint.java:118)
	at org.eclipse.jetty.util.thread.strategy.EatWhatYouKill.runTask(EatWhatYouKill.java:333)
	at org.eclipse.jetty.util.thread.strategy.EatWhatYouKill.doProduce(EatWhatYouKill.java:310)
	at org.eclipse.jetty.util.thread.strategy.EatWhatYouKill.tryProduce(EatWhatYouKill.java:168)
	at org.eclipse.jetty.util.thread.strategy.EatWhatYouKill.run(EatWhatYouKill.java:126)
	at org.eclipse.jetty.util.thread.ReservedThreadExecutor$ReservedThread.run(ReservedThreadExecutor.java:366)
	at org.eclipse.jetty.util.thread.QueuedThreadPool.runJob(QueuedThreadPool.java:765)
	at org.eclipse.jetty.util.thread.QueuedThreadPool$2.run(QueuedThreadPool.java:683)
	at java.lang.Thread.run(Thread.java:748)
2020-08-05 10:37:23.722  WARN 62923 --- [tp2035176523-23] o.e.j.s.HttpChannel  : /DB/55/FC534E6925994DFC374FC40D6E93980B1ECF
java.lang.NullPointerException: Response map is nil
	at ring.util.servlet$update_servlet_response.invokeStatic(servlet.clj:100)
	at ring.util.servlet$update_servlet_response.invoke(servlet.clj:91)
	at ring.util.servlet$update_servlet_response.invokeStatic(servlet.clj:95)
	at ring.util.servlet$update_servlet_response.invoke(servlet.clj:91)
	at ring.adapter.jetty$proxy_handler$fn__13947.invoke(jetty.clj:27)
	at ring.adapter.jetty.proxy$org.eclipse.jetty.server.handler.AbstractHandler$ff19274a.handle(Unknown Source)
	at org.eclipse.jetty.server.handler.HandlerWrapper.handle(HandlerWrapper.java:132)
	at org.eclipse.jetty.server.Server.handle(Server.java:503)
	at org.eclipse.jetty.server.HttpChannel.handle(HttpChannel.java:364)
	at org.eclipse.jetty.server.HttpConnection.onFillable(HttpConnection.java:260)
	at org.eclipse.jetty.io.AbstractConnection$ReadCallback.succeeded(AbstractConnection.java:305)
	at org.eclipse.jetty.io.FillInterest.fillable(FillInterest.java:103)
	at org.eclipse.jetty.io.ChannelEndPoint$2.run(ChannelEndPoint.java:118)
	at org.eclipse.jetty.util.thread.strategy.EatWhatYouKill.runTask(EatWhatYouKill.java:333)
	at org.eclipse.jetty.util.thread.strategy.EatWhatYouKill.doProduce(EatWhatYouKill.java:310)
	at org.eclipse.jetty.util.thread.strategy.EatWhatYouKill.tryProduce(EatWhatYouKill.java:168)
	at org.eclipse.jetty.util.thread.strategy.EatWhatYouKill.run(EatWhatYouKill.java:126)
	at org.eclipse.jetty.util.thread.ReservedThreadExecutor$ReservedThread.run(ReservedThreadExecutor.java:366)
	at org.eclipse.jetty.util.thread.QueuedThreadPool.runJob(QueuedThreadPool.java:765)
	at org.eclipse.jetty.util.thread.QueuedThreadPool$2.run(QueuedThreadPool.java:683)
	at java.lang.Thread.run(Thread.java:748)
2020-08-05 10:37:23.729  WARN 62923 --- [tp2035176523-29] o.e.j.s.HttpChannel  : /DB%2F55%2FFC534E6925994DFC374FC40D6E93980B1ECF
java.lang.NullPointerException: Response map is nil
	at ring.util.servlet$update_servlet_response.invokeStatic(servlet.clj:100)
	at ring.util.servlet$update_servlet_response.invoke(servlet.clj:91)
	at ring.util.servlet$update_servlet_response.invokeStatic(servlet.clj:95)
	at ring.util.servlet$update_servlet_response.invoke(servlet.clj:91)
	at ring.adapter.jetty$proxy_handler$fn__13947.invoke(jetty.clj:27)
	at ring.adapter.jetty.proxy$org.eclipse.jetty.server.handler.AbstractHandler$ff19274a.handle(Unknown Source)
	at org.eclipse.jetty.server.handler.HandlerWrapper.handle(HandlerWrapper.java:132)
	at org.eclipse.jetty.server.Server.handle(Server.java:503)
	at org.eclipse.jetty.server.HttpChannel.handle(HttpChannel.java:364)
	at org.eclipse.jetty.server.HttpConnection.onFillable(HttpConnection.java:260)
	at org.eclipse.jetty.io.AbstractConnection$ReadCallback.succeeded(AbstractConnection.java:305)
	at org.eclipse.jetty.io.FillInterest.fillable(FillInterest.java:103)
	at org.eclipse.jetty.io.ChannelEndPoint$2.run(ChannelEndPoint.java:118)
	at org.eclipse.jetty.util.thread.strategy.EatWhatYouKill.runTask(EatWhatYouKill.java:333)
	at org.eclipse.jetty.util.thread.strategy.EatWhatYouKill.doProduce(EatWhatYouKill.java:310)
	at org.eclipse.jetty.util.thread.strategy.EatWhatYouKill.tryProduce(EatWhatYouKill.java:168)
	at org.eclipse.jetty.util.thread.strategy.EatWhatYouKill.run(EatWhatYouKill.java:126)
	at org.eclipse.jetty.util.thread.ReservedThreadExecutor$ReservedThread.run(ReservedThreadExecutor.java:366)
	at org.eclipse.jetty.util.thread.QueuedThreadPool.runJob(QueuedThreadPool.java:765)
	at org.eclipse.jetty.util.thread.QueuedThreadPool$2.run(QueuedThreadPool.java:683)
	at java.lang.Thread.run(Thread.java:748)
2020-08-05 10:37:35.734  WARN 62923 --- [tp2035176523-19] o.e.j.s.HttpChannel  : /DB/55/FC534E6925994DFC374FC40D6E93980B1ECF
java.lang.NullPointerException: Response map is nil
	at ring.util.servlet$update_servlet_response.invokeStatic(servlet.clj:100)
	at ring.util.servlet$update_servlet_response.invoke(servlet.clj:91)
	at ring.util.servlet$update_servlet_response.invokeStatic(servlet.clj:95)
	at ring.util.servlet$update_servlet_response.invoke(servlet.clj:91)
	at ring.adapter.jetty$proxy_handler$fn__13947.invoke(jetty.clj:27)
	at ring.adapter.jetty.proxy$org.eclipse.jetty.server.handler.AbstractHandler$ff19274a.handle(Unknown Source)
	at org.eclipse.jetty.server.handler.HandlerWrapper.handle(HandlerWrapper.java:132)
	at org.eclipse.jetty.server.Server.handle(Server.java:503)
	at org.eclipse.jetty.server.HttpChannel.handle(HttpChannel.java:364)
	at org.eclipse.jetty.server.HttpConnection.onFillable(HttpConnection.java:260)
	at org.eclipse.jetty.io.AbstractConnection$ReadCallback.succeeded(AbstractConnection.java:305)
	at org.eclipse.jetty.io.FillInterest.fillable(FillInterest.java:103)
	at org.eclipse.jetty.io.ChannelEndPoint$2.run(ChannelEndPoint.java:118)
	at org.eclipse.jetty.util.thread.strategy.EatWhatYouKill.runTask(EatWhatYouKill.java:333)
	at org.eclipse.jetty.util.thread.strategy.EatWhatYouKill.doProduce(EatWhatYouKill.java:310)
	at org.eclipse.jetty.util.thread.strategy.EatWhatYouKill.tryProduce(EatWhatYouKill.java:168)
	at org.eclipse.jetty.util.thread.strategy.EatWhatYouKill.run(EatWhatYouKill.java:126)
	at org.eclipse.jetty.util.thread.ReservedThreadExecutor$ReservedThread.run(ReservedThreadExecutor.java:366)
	at org.eclipse.jetty.util.thread.QueuedThreadPool.runJob(QueuedThreadPool.java:765)
	at org.eclipse.jetty.util.thread.QueuedThreadPool$2.run(QueuedThreadPool.java:683)
	at java.lang.Thread.run(Thread.java:748)
2020-08-05 10:37:35.741  WARN 62923 --- [tp2035176523-21] o.e.j.s.HttpChannel  : /DB%2F55%2FFC534E6925994DFC374FC40D6E93980B1ECF
java.lang.NullPointerException: Response map is nil
	at ring.util.servlet$update_servlet_response.invokeStatic(servlet.clj:100)
	at ring.util.servlet$update_servlet_response.invoke(servlet.clj:91)
	at ring.util.servlet$update_servlet_response.invokeStatic(servlet.clj:95)
	at ring.util.servlet$update_servlet_response.invoke(servlet.clj:91)
	at ring.adapter.jetty$proxy_handler$fn__13947.invoke(jetty.clj:27)
	at ring.adapter.jetty.proxy$org.eclipse.jetty.server.handler.AbstractHandler$ff19274a.handle(Unknown Source)
	at org.eclipse.jetty.server.handler.HandlerWrapper.handle(HandlerWrapper.java:132)
	at org.eclipse.jetty.server.Server.handle(Server.java:503)
	at org.eclipse.jetty.server.HttpChannel.handle(HttpChannel.java:364)
	at org.eclipse.jetty.server.HttpConnection.onFillable(HttpConnection.java:260)
	at org.eclipse.jetty.io.AbstractConnection$ReadCallback.succeeded(AbstractConnection.java:305)
	at org.eclipse.jetty.io.FillInterest.fillable(FillInterest.java:103)
	at org.eclipse.jetty.io.ChannelEndPoint$2.run(ChannelEndPoint.java:118)
	at org.eclipse.jetty.util.thread.strategy.EatWhatYouKill.runTask(EatWhatYouKill.java:333)
	at org.eclipse.jetty.util.thread.strategy.EatWhatYouKill.doProduce(EatWhatYouKill.java:310)
	at org.eclipse.jetty.util.thread.strategy.EatWhatYouKill.tryProduce(EatWhatYouKill.java:168)
	at org.eclipse.jetty.util.thread.strategy.EatWhatYouKill.run(EatWhatYouKill.java:126)
	at org.eclipse.jetty.util.thread.ReservedThreadExecutor$ReservedThread.run(ReservedThreadExecutor.java:366)
	at org.eclipse.jetty.util.thread.QueuedThreadPool.runJob(QueuedThreadPool.java:765)
	at org.eclipse.jetty.util.thread.QueuedThreadPool$2.run(QueuedThreadPool.java:683)
	at java.lang.Thread.run(Thread.java:748)
2020-08-05 10:37:47.765  WARN 62923 --- [tp2035176523-23] o.e.j.s.HttpChannel  : /DB/55/FC534E6925994DFC374FC40D6E93980B1ECF
java.lang.NullPointerException: Response map is nil
	at ring.util.servlet$update_servlet_response.invokeStatic(servlet.clj:100)
	at ring.util.servlet$update_servlet_response.invoke(servlet.clj:91)
	at ring.util.servlet$update_servlet_response.invokeStatic(servlet.clj:95)
	at ring.util.servlet$update_servlet_response.invoke(servlet.clj:91)
	at ring.adapter.jetty$proxy_handler$fn__13947.invoke(jetty.clj:27)
	at ring.adapter.jetty.proxy$org.eclipse.jetty.server.handler.AbstractHandler$ff19274a.handle(Unknown Source)
	at org.eclipse.jetty.server.handler.HandlerWrapper.handle(HandlerWrapper.java:132)
	at org.eclipse.jetty.server.Server.handle(Server.java:503)
	at org.eclipse.jetty.server.HttpChannel.handle(HttpChannel.java:364)
	at org.eclipse.jetty.server.HttpConnection.onFillable(HttpConnection.java:260)
	at org.eclipse.jetty.io.AbstractConnection$ReadCallback.succeeded(AbstractConnection.java:305)
	at org.eclipse.jetty.io.FillInterest.fillable(FillInterest.java:103)
	at org.eclipse.jetty.io.ChannelEndPoint$2.run(ChannelEndPoint.java:118)
	at org.eclipse.jetty.util.thread.strategy.EatWhatYouKill.runTask(EatWhatYouKill.java:333)
	at org.eclipse.jetty.util.thread.strategy.EatWhatYouKill.doProduce(EatWhatYouKill.java:310)
	at org.eclipse.jetty.util.thread.strategy.EatWhatYouKill.tryProduce(EatWhatYouKill.java:168)
	at org.eclipse.jetty.util.thread.strategy.EatWhatYouKill.run(EatWhatYouKill.java:126)
	at org.eclipse.jetty.util.thread.ReservedThreadExecutor$ReservedThread.run(ReservedThreadExecutor.java:366)
	at org.eclipse.jetty.util.thread.QueuedThreadPool.runJob(QueuedThreadPool.java:765)
	at org.eclipse.jetty.util.thread.QueuedThreadPool$2.run(QueuedThreadPool.java:683)
	at java.lang.Thread.run(Thread.java:748)
2020-08-05 10:37:47.773  WARN 62923 --- [tp2035176523-19] o.e.j.s.HttpChannel  : /DB%2F55%2FFC534E6925994DFC374FC40D6E93980B1ECF
java.lang.NullPointerException: Response map is nil
	at ring.util.servlet$update_servlet_response.invokeStatic(servlet.clj:100)
	at ring.util.servlet$update_servlet_response.invoke(servlet.clj:91)
	at ring.util.servlet$update_servlet_response.invokeStatic(servlet.clj:95)
	at ring.util.servlet$update_servlet_response.invoke(servlet.clj:91)
	at ring.adapter.jetty$proxy_handler$fn__13947.invoke(jetty.clj:27)
	at ring.adapter.jetty.proxy$org.eclipse.jetty.server.handler.AbstractHandler$ff19274a.handle(Unknown Source)
	at org.eclipse.jetty.server.handler.HandlerWrapper.handle(HandlerWrapper.java:132)
	at org.eclipse.jetty.server.Server.handle(Server.java:503)
	at org.eclipse.jetty.server.HttpChannel.handle(HttpChannel.java:364)
	at org.eclipse.jetty.server.HttpConnection.onFillable(HttpConnection.java:260)
	at org.eclipse.jetty.io.AbstractConnection$ReadCallback.succeeded(AbstractConnection.java:305)
	at org.eclipse.jetty.io.FillInterest.fillable(FillInterest.java:103)
	at org.eclipse.jetty.io.ChannelEndPoint$2.run(ChannelEndPoint.java:118)
	at org.eclipse.jetty.util.thread.strategy.EatWhatYouKill.runTask(EatWhatYouKill.java:333)
	at org.eclipse.jetty.util.thread.strategy.EatWhatYouKill.doProduce(EatWhatYouKill.java:310)
	at org.eclipse.jetty.util.thread.strategy.EatWhatYouKill.tryProduce(EatWhatYouKill.java:168)
	at org.eclipse.jetty.util.thread.strategy.EatWhatYouKill.run(EatWhatYouKill.java:126)
	at org.eclipse.jetty.util.thread.ReservedThreadExecutor$ReservedThread.run(ReservedThreadExecutor.java:366)
	at org.eclipse.jetty.util.thread.QueuedThreadPool.runJob(QueuedThreadPool.java:765)
	at org.eclipse.jetty.util.thread.QueuedThreadPool$2.run(QueuedThreadPool.java:683)
	at java.lang.Thread.run(Thread.java:748)
2020-08-05 14:39:40.480  INFO 62923 --- [tp2035176523-18] o.m.d.cluster        : Cluster created with settings {hosts=[127.0.0.1:27017], mode=SINGLE, requiredClusterType=UNKNOWN, serverSelectionTimeout='30000 ms', maxWaitQueueSize=500}
2020-08-05 14:39:40.490  INFO 62923 --- [127.0.0.1:27017] o.m.d.connection     : Opened connection [connectionId{localValue:3, serverValue:99}] to 127.0.0.1:27017
2020-08-05 14:39:40.491  INFO 62923 --- [127.0.0.1:27017] o.m.d.cluster        : Monitor thread successfully connected to server with description ServerDescription{address=127.0.0.1:27017, type=STANDALONE, state=CONNECTED, ok=true, version=ServerVersion{versionList=[4, 2, 8]}, minWireVersion=0, maxWireVersion=8, maxDocumentSize=16777216, roundTripTimeNanos=280129}
2020-08-05 14:39:40.621  INFO 62923 --- [tp2035176523-18] o.m.d.connection     : Opened connection [connectionId{localValue:4, serverValue:100}] to 127.0.0.1:27017
2020-08-05 14:39:40.625 ERROR 62923 --- [tp2035176523-18] m.s.user-service     : password not correct
2020-08-05 14:41:01.653  INFO 62923 --- [tp2035176523-30] m.s.weixin-service   : 
signature  d4577d1674523e24bdc088cd3db4d1e8fa08cf02 
echostr  3333051866885912188 
timestamp  1596609660 
nonce  220169720
2020-08-05 14:43:09.173  INFO 81525 --- [           main] o.e.j.u.log          : Logging initialized @29747ms to org.eclipse.jetty.util.log.Slf4jLog
2020-08-05 14:43:16.117  INFO 81525 --- [           main] o.m.d.cluster        : Cluster created with settings {hosts=[127.0.0.1:27017], mode=SINGLE, requiredClusterType=UNKNOWN, serverSelectionTimeout='30000 ms', maxWaitQueueSize=500}
2020-08-05 14:43:16.194  INFO 81525 --- [127.0.0.1:27017] o.m.d.connection     : Opened connection [connectionId{localValue:1, serverValue:101}] to 127.0.0.1:27017
2020-08-05 14:43:16.198  INFO 81525 --- [127.0.0.1:27017] o.m.d.cluster        : Monitor thread successfully connected to server with description ServerDescription{address=127.0.0.1:27017, type=STANDALONE, state=CONNECTED, ok=true, version=ServerVersion{versionList=[4, 2, 8]}, minWireVersion=0, maxWireVersion=8, maxDocumentSize=16777216, roundTripTimeNanos=618395}
2020-08-05 14:43:16.313  INFO 81525 --- [           main] o.e.j.s.Server       : jetty-9.4.12.v20180830; built: 2018-08-30T13:59:14.071Z; git: 27208684755d94a92186989f695db2d7b21ebc51; jvm 1.8.0_212-b10
2020-08-05 14:43:16.364  INFO 81525 --- [           main] .s.AbstractConnector : Started ServerConnector@9069115{HTTP/1.1,[http/1.1]}{0.0.0.0:80}
2020-08-05 14:43:16.365  INFO 81525 --- [           main] o.e.j.s.Server       : Started @36941ms
2020-08-05 14:45:51.957  INFO 81525 --- [qtp419686629-23] m.s.weixin-service   : access token response:  {:access_token 35_wgp8q5djqyaoFU3nGjAS10ygfp3IyxBWiky6_Bz5ABos-us-fZdXC0Wo_iJG74Cg0aNJ6Cq5u5kUTUdKoX2JZceHMOyq2QnEtYWXtG91tkQ, :expires_in 7200, :refresh_token 35_Ub3iTe1GDAucR_jr8iW6nFqMOmcaEuGmiubYRvTeUvA8YtjVjkRGkG_0keogoQHVvdn7KBf7BbRVBvBLOGVZLY03bEKLnpeu156ds4SLLG0, :openid oWRPTs_F_MdhLqqesJZQeteupJoE, :scope snsapi_userinfo}
2020-08-05 14:45:52.136  INFO 81525 --- [qtp419686629-23] m.s.weixin-service   : userinfo response:  {:sex 1, :nickname p1ggy , :city , :headimgurl http://thirdwx.qlogo.cn/mmopen/vi_32/DYAIOgq83epJzmHbfrGoFIRES3cWaXaNEET45gd1TfTmbjFUTavDfAf2JDAHMgUJYpdiblAGibq5YmT5oib7K07jg/132, :openid oWRPTs_F_MdhLqqesJZQeteupJoE, :language zh_CN, :province , :country , :privilege []}
2020-08-05 14:48:57.441  INFO 81525 --- [qtp419686629-22] m.s.weixin-service   : access token response:  {:access_token 35_lK_m3-9I8XX3YD1dVfEt_KRnl4mWAUbd2q5pQM6UY_v_bz6Cd14SimxRjErIP8UPlG-ueUqOrf_ktMrYi1dk1dy91fvDEVRKlUIoUzBxyo4, :expires_in 7200, :refresh_token 35_OF3Zzn3zsxR4ZwNzI0JNQ2ZeJoVB-_qlCHS4-y43r1I-VUQHVr5pfUtcnkUu8mfeybl7AX6_VQbwNFlsl4dyR0P-aNOac8UBKVQ9YO5sQ2g, :openid oWRPTs_F_MdhLqqesJZQeteupJoE, :scope snsapi_userinfo}
2020-08-05 14:48:57.796  INFO 81525 --- [qtp419686629-22] m.s.weixin-service   : userinfo response:  {:sex 1, :nickname p1ggy , :city , :headimgurl http://thirdwx.qlogo.cn/mmopen/vi_32/DYAIOgq83epJzmHbfrGoFIRES3cWaXaNEET45gd1TfTmbjFUTavDfAf2JDAHMgUJYpdiblAGibq5YmT5oib7K07jg/132, :openid oWRPTs_F_MdhLqqesJZQeteupJoE, :language zh_CN, :province , :country , :privilege []}
2020-08-05 14:49:54.990  INFO 81525 --- [qtp419686629-24] m.s.weixin-service   : access token response:  {:access_token 35_cW2ZQ80RQbqWkCp4Sax0UGGgLmsLXGIGjFxS8aDWV8Voa84fOQfYwsCUcjXqSWozzZdH0rOS6RYVFuqoXJSbIGZB7JCqUPfuytBbG-OoGCo, :expires_in 7200, :refresh_token 35_NQrJ9HldjLuZF2IPE4DOxT1HdUOxDEBGuE8AUBODfubm1OvmBgssEKrlOSJdrhwXfJz8izbrscJo6VEi5cE-6Di-DuU-DVDiJxgGpqdD2tg, :openid oWRPTs_F_MdhLqqesJZQeteupJoE, :scope snsapi_userinfo}
2020-08-05 14:49:55.131  INFO 81525 --- [qtp419686629-24] m.s.weixin-service   : userinfo response:  {:sex 1, :nickname p1ggy , :city , :headimgurl http://thirdwx.qlogo.cn/mmopen/vi_32/DYAIOgq83epJzmHbfrGoFIRES3cWaXaNEET45gd1TfTmbjFUTavDfAf2JDAHMgUJYpdiblAGibq5YmT5oib7K07jg/132, :openid oWRPTs_F_MdhLqqesJZQeteupJoE, :language zh_CN, :province , :country , :privilege []}
